Building DAG of jobs...
Creating conda environment config/get_SRP.yaml...
Downloading and installing remote packages.
Environment for config/get_SRP.yaml created (location: .snakemake/conda/fe77446e)
Using shell: /usr/bin/bash
Provided cores: 4
Rules claiming more threads will be scaled down.
Job counts:
	count	jobs
	1	get_SRA
	1

[Wed Dec  9 16:54:12 2020]
rule get_SRA:
    input: SRP258962_out/SRP258962_accession_list.txt
    output: logs/SRP258962_test.log
    log: logs/SRP258962_test.log
    jobid: 0
    wildcards: project_accession=SRP258962

Activating conda environment: /home/jared/workflows/get_SRP_fastqs/.snakemake/conda/fe77446e
[Wed Dec  9 17:00:43 2020]
Finished job 0.
1 of 1 steps (100%) done
Complete log: /home/jared/workflows/get_SRP_fastqs/.snakemake/log/2020-12-09T165352.369050.snakemake.log
