Building DAG of jobs...
Using shell: /usr/bin/bash
Provided cores: 4
Rules claiming more threads will be scaled down.
Conda environments: ignored
Job counts:
	count	jobs
	1	get_SRA
	1

[Wed Dec  9 16:46:55 2020]
rule get_SRA:
    input: SRP258962_out/SRP258962_accession_list.txt
    output: logs/SRP258962_test.log
    log: logs/SRP258962_test.log
    jobid: 0
    wildcards: project_accession=SRP258962

[Wed Dec  9 16:46:55 2020]
Finished job 0.
1 of 1 steps (100%) done
Complete log: /home/jared/workflows/get_SRP_fastqs/.snakemake/log/2020-12-09T164655.136085.snakemake.log
